May 09 14:45:27 GAMEON [info] select g.userName,s.* from go_user g, go_userSettings s where g.userID='1' and g.userID=s.userID 
May 09 14:50:47 GAMEON [info] select g.userName,s.* from go_user g, go_userSettings s where g.userID='1' and g.userID=s.userID 
May 09 14:50:47 GAMEON [info] select * from go_games where createdByUserID='1' Limit 0,100
May 09 14:50:47 GAMEON [info] select g.* from go_games g, go_gamesSubscribers s where s.userID='0' and s.gameID = g.gameID Limit 0,100
May 09 14:54:41 GAMEON [info] select g.userName,s.* from go_user g, go_userSettings s where g.userID='1' and g.userID=s.userID 
May 09 14:54:41 GAMEON [info] select * from go_games where createdByUserID='1' Limit 0,100
May 09 14:54:41 GAMEON [info] select g.* from go_games g, go_gamesSubscribers s where s.userID='0' and s.gameID = g.gameID Limit 0,100
May 09 14:59:32 GAMEON [info] select g.userName,s.* from go_user g, go_userSettings s where g.userID='1' and g.userID=s.userID 
May 09 14:59:32 GAMEON [info] select * from go_games where createdByUserID='1' Limit 0,100
May 09 14:59:32 GAMEON [info] select g.* from go_games g, go_gamesSubscribers s where s.userID='0' and s.gameID = g.gameID Limit 0,100
May 09 15:01:40 GAMEON [info] select g.userName,s.* from go_user g, go_userSettings s where g.userID='1' and g.userID=s.userID 
May 09 15:01:40 GAMEON [info] select * from go_games where createdByUserID='1' Limit 0,100
May 09 15:01:40 GAMEON [info] select g.* from go_games g, go_gamesSubscribers s where s.userID='1' and s.gameID = g.gameID Limit 0,100
May 09 15:02:49 GAMEON [info] select g.userName,s.* from go_user g, go_userSettings s where g.userID='1' and g.userID=s.userID 
May 09 15:02:49 GAMEON [info] select * from go_games where createdByUserID='1' Limit 0,100
May 09 15:02:49 GAMEON [info] select * from go_games where createdByUserID='0' Limit 0,100
May 09 15:03:31 GAMEON [info] select g.userName,s.* from go_user g, go_userSettings s where g.userID='1' and g.userID=s.userID 
May 09 15:03:31 GAMEON [info] select * from go_games where createdByUserID='1' Limit 0,100
May 09 15:03:31 GAMEON [info] select * from go_games where createdByUserID='0' Limit 0,100
May 09 15:04:44 GAMEON [info] select g.userName,s.* from go_user g, go_userSettings s where g.userID='1' and g.userID=s.userID 
May 09 15:04:45 GAMEON [info] select * from go_games where createdByUserID='1' Limit 0,100
May 09 15:04:45 GAMEON [info] select * from go_games where createdByUserID='1' Limit 0,100
May 09 15:05:37 GAMEON [info] select g.userName,s.* from go_user g, go_userSettings s where g.userID='1' and g.userID=s.userID 
May 09 15:05:37 GAMEON [info] select * from go_games where createdByUserID='1' Limit 0,100
May 09 15:05:37 GAMEON [info] select g.* from go_games g, go_gamesSubscribers s where s.userID='1' and s.gameID = g.gameID Limit 0,100
May 09 16:19:00 GAMEON [info] select g.userName,s.* from go_user g, go_userSettings s where g.userID='1' and g.userID=s.userID 
May 09 16:19:01 GAMEON [info] select * from go_games where createdByUserID='1' Limit 0,100
May 09 16:19:01 GAMEON [info] select g.* from go_games g, go_gamesSubscribers s where s.userID='1' and s.gameID = g.gameID Limit 0,100
May 09 16:20:42 GAMEON [info] select g.userName,s.* from go_user g, go_userSettings s where g.userID='1' and g.userID=s.userID 
May 09 16:20:42 GAMEON [info] select * from go_games where createdByUserID='1' Limit 0,100
May 09 16:20:42 GAMEON [info] select g.* from go_games g, go_gamesSubscribers s where s.userID='1' and s.gameID = g.gameID Limit 0,100
May 09 16:21:52 GAMEON [info] select g.userName,s.* from go_user g, go_userSettings s where g.userID='1' and g.userID=s.userID 
May 09 16:21:52 GAMEON [info] select * from go_games where createdByUserID='1' Limit 0,100
May 09 16:21:52 GAMEON [info] select g.* from go_games g, go_gamesSubscribers s where s.userID='1' and s.gameID = g.gameID Limit 0,100
May 09 16:24:29 GAMEON [info] insert into go_games (gameID,createdByUserID,createdByUserName,title,eventName,date,description,type,sport,subscriptionClose,wagerType,wagerUnits) values ('1273447469','1','jittrdev','maximum','maximum','','maximum','0','0','','','0')
May 09 16:28:13 GAMEON [info] select g.userName,s.* from go_user g, go_userSettings s where g.userID='1' and g.userID=s.userID 
May 09 16:28:13 GAMEON [info] select * from go_games where createdByUserID='1' Limit 0,100
May 09 16:28:13 GAMEON [info] select g.* from go_games g, go_gamesSubscribers s where s.userID='1' and s.gameID = g.gameID Limit 0,100
May 09 16:28:21 GAMEON [info] insert into go_games (gameID,createdByUserID,createdByUserName,title,eventName,date,description,type,sport,subscriptionClose,wagerType,wagerUnits) values ('1273447701','1','jittrdev','maximus','maximus','','maximus','0','0','','','0')
May 09 16:28:21 GAMEON [info] select g.userName,s.* from go_user g, go_userSettings s where g.userID='1' and g.userID=s.userID 
May 09 16:28:21 GAMEON [info] select * from go_games where createdByUserID='1' Limit 0,100
May 09 16:28:21 GAMEON [info] select g.* from go_games g, go_gamesSubscribers s where s.userID='1' and s.gameID = g.gameID Limit 0,100
May 09 16:55:08 GAMEON [info] select g.userName,s.* from go_user g, go_userSettings s where g.userID='1' and g.userID=s.userID 
May 09 16:55:10 GAMEON [info] select * from go_games where createdByUserID='1' Limit 0,100
May 09 16:55:10 GAMEON [info] select g.* from go_games g, go_gamesSubscribers s where s.userID='1' and s.gameID = g.gameID Limit 0,100
May 09 17:25:35 GAMEON [info] select g.userName,s.* from go_user g, go_userSettings s where g.userID='1' and g.userID=s.userID 
May 09 17:25:37 GAMEON [info] select * from go_games where createdByUserID='1' Limit 0,100
May 09 17:25:37 GAMEON [info] select g.* from go_games g, go_gamesSubscribers s where s.userID='1' and s.gameID = g.gameID Limit 0,100
May 09 17:28:59 GAMEON [info] select g.userName,s.* from go_user g, go_userSettings s where g.userID='1' and g.userID=s.userID 
May 09 17:28:59 GAMEON [info] select * from go_games where createdByUserID='1' Limit 0,100
May 09 17:28:59 GAMEON [info] select g.* from go_games g, go_gamesSubscribers s where s.userID='1' and s.gameID = g.gameID Limit 0,100
May 09 17:29:45 GAMEON [info] select g.userName,s.* from go_user g, go_userSettings s where g.userID='1' and g.userID=s.userID 
May 09 17:29:45 GAMEON [info] select * from go_games where createdByUserID='1' Limit 0,100
May 09 17:29:45 GAMEON [info] select g.* from go_games g, go_gamesSubscribers s where s.userID='1' and s.gameID = g.gameID Limit 0,100
May 09 17:41:59 GAMEON [info] select g.userName,s.* from go_user g, go_userSettings s where g.userID='1' and g.userID=s.userID 
May 09 17:42:00 GAMEON [info] select * from go_games where createdByUserID='1' Limit 0,100
May 09 17:42:00 GAMEON [info] select g.* from go_games g, go_gamesSubscribers s where s.userID='1' and s.gameID = g.gameID Limit 0,100
May 09 17:42:09 GAMEON [info] select g.userName,s.* from go_user g, go_userSettings s where g.userID='1' and g.userID=s.userID 
May 09 17:42:09 GAMEON [info] select * from go_games where createdByUserID='1' Limit 0,100
May 09 17:42:09 GAMEON [info] select g.* from go_games g, go_gamesSubscribers s where s.userID='1' and s.gameID = g.gameID Limit 0,100
May 09 18:42:24 GAMEON [info] select g.userName,s.* from go_user g, go_userSettings s where g.userID='1' and g.userID=s.userID 
May 09 18:42:25 GAMEON [info] select * from go_games where createdByUserID='1' Limit 0,100
May 09 18:42:25 GAMEON [info] select g.* from go_games g, go_gamesSubscribers s where s.userID='1' and s.gameID = g.gameID Limit 0,100
May 09 18:45:41 GAMEON [info] select g.userName,s.* from go_user g, go_userSettings s where g.userID='1' and g.userID=s.userID 
May 09 18:45:41 GAMEON [info] select * from go_games where createdByUserID='1' Limit 0,100
May 09 18:45:41 GAMEON [info] select g.* from go_games g, go_gamesSubscribers s where s.userID='1' and s.gameID = g.gameID Limit 0,100
May 09 18:47:11 GAMEON [info] select g.userName,s.* from go_user g, go_userSettings s where g.userID='1' and g.userID=s.userID 
May 09 18:47:11 GAMEON [info] select * from go_games where createdByUserID='1' Limit 0,100
May 09 18:47:11 GAMEON [info] select g.* from go_games g, go_gamesSubscribers s where s.userID='1' and s.gameID = g.gameID Limit 0,100
May 09 20:22:34 GAMEON [info] select g.userName,s.* from go_user g, go_userSettings s where g.userID='1' and g.userID=s.userID 
May 09 20:22:35 GAMEON [info] select * from go_games where createdByUserID='1' Limit 0,100
May 09 20:22:35 GAMEON [info] select g.* from go_games g, go_gamesSubscribers s where s.userID='1' and s.gameID = g.gameID Limit 0,100
May 09 20:24:03 GAMEON [info] select g.*,t.typeName,s.sportName from go_games g, go_types_lu t go_sports_lu s  where g.gameID='' and g.type=t.id and g.sport=s.id
May 09 20:25:48 GAMEON [info] select g.*,t.typeName,s.sportName from go_games g, go_types_lu t go_sports_lu s  where g.gameID='' and g.type=t.id and g.sport=s.id
May 09 20:26:09 GAMEON [info] select g.*,t.typeName,s.sportName from go_games g, go_types_lu t go_sports_lu s  where g.gameID='' and g.type=t.id and g.sport=s.id
May 09 20:26:09 GAMEON [error] You have an error in your SQL syntax; check the manual that corresponds to your MySQL server version for the right syntax to use near 'go_sports_lu s  where g.gameID='' and g.type=t.id and g.sport=s.id' at line 1
May 09 20:27:20 GAMEON [info] select g.*,t.typeName,s.sportName from go_games g, go_types_lu t go_sports_lu s  where g.gameID='' and g.type=t.id and g.sport=s.id
May 09 20:27:20 GAMEON [error] You have an error in your SQL syntax; check the manual that corresponds to your MySQL server version for the right syntax to use near 'go_sports_lu s  where g.gameID='' and g.type=t.id and g.sport=s.id' at line 1
May 09 20:29:46 GAMEON [info] select g.*,t.typeName,s.sportName from go_games g, go_types_lu t go_sports_lu s  where g.gameID='' and g.type=t.id and g.sport=s.id
May 09 20:29:46 GAMEON [error] You have an error in your SQL syntax; check the manual that corresponds to your MySQL server version for the right syntax to use near 'go_sports_lu s  where g.gameID='' and g.type=t.id and g.sport=s.id' at line 1
May 09 20:30:03 GAMEON [info] select g.userName,s.* from go_user g, go_userSettings s where g.userID='1' and g.userID=s.userID 
May 09 20:30:03 GAMEON [info] select * from go_games where createdByUserID='1' Limit 0,100
May 09 20:30:03 GAMEON [info] select g.* from go_games g, go_gamesSubscribers s where s.userID='1' and s.gameID = g.gameID Limit 0,100
May 09 20:30:05 GAMEON [info] select g.*,t.typeName,s.sportName from go_games g, go_types_lu t go_sports_lu s  where g.gameID='1273325871' and g.type=t.id and g.sport=s.id
May 09 20:30:05 GAMEON [error] You have an error in your SQL syntax; check the manual that corresponds to your MySQL server version for the right syntax to use near 'go_sports_lu s  where g.gameID='1273325871' and g.type=t.id and g.sport=s.id' at line 1
May 09 20:39:23 GAMEON [info] select g.*,t.typeName,s.sportName from go_games g, go_types_lu t, go_sports_lu s  where g.gameID='1273325871' and g.type=t.id and g.sport=s.id
May 10 04:25:56 GAMEON [info] select g.userName,s.* from go_user g, go_userSettings s where g.userID='1' and g.userID=s.userID 
May 10 04:25:57 GAMEON [info] select * from go_games where createdByUserID='1' Limit 0,100
May 10 04:25:58 GAMEON [info] select g.* from go_games g, go_gamesSubscribers s where s.userID='1' and s.gameID = g.gameID Limit 0,100
May 10 04:26:00 GAMEON [info] select g.*,t.typeName,s.sportName from go_games g, go_types_lu t, go_sports_lu s  where g.gameID='1273325871' and g.type=t.id and g.sport=s.id
May 10 04:26:36 GAMEON [info] select g.*,t.typeName,s.sportName from go_games g, go_types_lu t, go_sports_lu s  where g.gameID='1273325871' and g.type=t.id and g.sport=s.id
May 10 04:28:05 GAMEON [info] select g.userName,s.* from go_user g, go_userSettings s where g.userName='jittrdev' and g.userID=s.userID 
May 10 04:28:05 GAMEON [info] select g.userName,s.* from go_user g, go_userSettings s where g.userID='1' and g.userID=s.userID 
May 10 04:28:05 GAMEON [info] select * from go_games where createdByUserID='1' Limit 0,100
May 10 04:28:06 GAMEON [info] select g.* from go_games g, go_gamesSubscribers s where s.userID='1' and s.gameID = g.gameID Limit 0,100
May 10 04:28:08 GAMEON [info] select g.*,t.typeName,s.sportName from go_games g, go_types_lu t, go_sports_lu s  where g.gameID='1273325871' and g.type=t.id and g.sport=s.id
May 10 04:28:26 GAMEON [info] select g.userName,s.* from go_user g, go_userSettings s where g.userID='1' and g.userID=s.userID 
May 10 04:28:26 GAMEON [info] select * from go_games where createdByUserID='1' Limit 0,100
May 10 04:28:26 GAMEON [info] select g.* from go_games g, go_gamesSubscribers s where s.userID='1' and s.gameID = g.gameID Limit 0,100
May 10 04:28:28 GAMEON [info] select g.*,t.typeName,s.sportName from go_games g, go_types_lu t, go_sports_lu s  where g.gameID='1273325871' and g.type=t.id and g.sport=s.id
May 10 05:04:54 GAMEON [info] select g.userName,s.* from go_user g, go_userSettings s where g.userID='1' and g.userID=s.userID 
May 10 05:04:55 GAMEON [info] select * from go_games where createdByUserID='1' Limit 0,100
May 10 05:04:55 GAMEON [info] select g.* from go_games g, go_gamesSubscribers s where s.userID='1' and s.gameID = g.gameID Limit 0,100
May 10 05:16:26 GAMEON [info] select g.*,t.typeName,s.sportName from go_games g, go_types_lu t, go_sports_lu s  where g.gameID='1273341306' and g.type=t.id and g.sport=s.id
May 10 05:17:23 GAMEON [info] select g.*,t.typeName,s.sportName from go_games g, go_types_lu t, go_sports_lu s  where g.gameID='1273341306' and g.type=t.id and g.sport=s.id
May 10 05:17:44 GAMEON [info] select g.userName,s.* from go_user g, go_userSettings s where g.userID='1' and g.userID=s.userID 
May 10 05:17:45 GAMEON [info] select * from go_games where createdByUserID='1' Limit 0,100
May 10 05:17:45 GAMEON [info] select g.* from go_games g, go_gamesSubscribers s where s.userID='1' and s.gameID = g.gameID Limit 0,100
May 10 05:17:47 GAMEON [info] select g.*,t.typeName,s.sportName from go_games g, go_types_lu t, go_sports_lu s  where g.gameID='1273447176' and g.type=t.id and g.sport=s.id
May 10 05:18:29 GAMEON [info] select g.*,t.typeName,s.sportName from go_games g, go_types_lu t, go_sports_lu s  where g.gameID='1273325871' and g.type=t.id and g.sport=s.id
May 10 05:18:55 GAMEON [info] select g.*,t.typeName,s.sportName from go_games g, go_types_lu t, go_sports_lu s  where g.gameID='1273325897' and g.type=t.id and g.sport=s.id
May 10 05:19:19 GAMEON [info] select g.*,t.typeName,s.sportName from go_games g, go_types_lu t, go_sports_lu s  where g.gameID='1273325871' and g.type=t.id and g.sport=s.id
May 10 05:58:51 GAMEON [info] select g.userName,s.* from go_user g, go_userSettings s where g.userID='1' and g.userID=s.userID 
May 10 05:58:52 GAMEON [info] select * from go_games where createdByUserID='1' Limit 0,100
May 10 05:58:52 GAMEON [info] select g.* from go_games g, go_gamesSubscribers s where s.userID='1' and s.gameID = g.gameID Limit 0,100
May 10 06:09:53 GAMEON [info] select g.userName,s.* from go_user g, go_userSettings s where g.userID='1' and g.userID=s.userID 
May 10 06:09:54 GAMEON [info] select * from go_games where createdByUserID='1' Limit 0,100
May 10 06:09:54 GAMEON [info] select g.* from go_games g, go_gamesSubscribers s where s.userID='1' and s.gameID = g.gameID Limit 0,100
May 10 06:11:16 GAMEON [info] select g.userName,s.* from go_user g, go_userSettings s where g.userID='1' and g.userID=s.userID 
May 10 06:11:16 GAMEON [info] select * from go_games where createdByUserID='1' Limit 0,100
May 10 06:11:16 GAMEON [info] select g.* from go_games g, go_gamesSubscribers s where s.userID='1' and s.gameID = g.gameID Limit 0,100
May 10 06:11:55 GAMEON [info] select g.userName,s.* from go_user g, go_userSettings s where g.userID='1' and g.userID=s.userID 
May 10 06:11:55 GAMEON [info] select * from go_games where createdByUserID='1' Limit 0,100
May 10 06:11:55 GAMEON [info] select g.* from go_games g, go_gamesSubscribers s where s.userID='1' and s.gameID = g.gameID Limit 0,100
May 10 06:12:07 GAMEON [info] select g.userName,s.* from go_user g, go_userSettings s where g.userID='1' and g.userID=s.userID 
May 10 06:12:07 GAMEON [info] select * from go_games where createdByUserID='1' Limit 0,100
May 10 06:12:07 GAMEON [info] select g.* from go_games g, go_gamesSubscribers s where s.userID='1' and s.gameID = g.gameID Limit 0,100
May 10 06:14:20 GAMEON [info] select g.userName,s.* from go_user g, go_userSettings s where g.userID='1' and g.userID=s.userID 
May 10 06:14:20 GAMEON [info] select * from go_games where createdByUserID='1' Limit 0,100
May 10 06:14:20 GAMEON [info] select g.* from go_games g, go_gamesSubscribers s where s.userID='1' and s.gameID = g.gameID Limit 0,100
May 10 06:16:02 GAMEON [info] select g.userName,s.* from go_user g, go_userSettings s where g.userID='1' and g.userID=s.userID 
May 10 06:16:02 GAMEON [info] select * from go_games where createdByUserID='1' Limit 0,100
May 10 06:16:02 GAMEON [info] select g.* from go_games g, go_gamesSubscribers s where s.userID='1' and s.gameID = g.gameID Limit 0,100
May 10 06:18:25 GAMEON [info] select g.userName,s.* from go_user g, go_userSettings s where g.userID='1' and g.userID=s.userID 
May 10 06:18:25 GAMEON [info] select * from go_games where createdByUserID='1' Limit 0,100
May 10 06:18:25 GAMEON [info] select g.* from go_games g, go_gamesSubscribers s where s.userID='1' and s.gameID = g.gameID Limit 0,100
May 10 06:19:00 GAMEON [info] select g.*,t.typeName,s.sportName from go_games g, go_types_lu t, go_sports_lu s  where g.gameID='1273325897' and g.type=t.id and g.sport=s.id
May 10 06:19:03 GAMEON [info] select g.userName,s.* from go_user g, go_userSettings s where g.userID='1' and g.userID=s.userID 
May 10 06:19:03 GAMEON [info] select * from go_games where createdByUserID='1' Limit 0,100
May 10 06:19:03 GAMEON [info] select g.* from go_games g, go_gamesSubscribers s where s.userID='1' and s.gameID = g.gameID Limit 0,100
May 10 06:58:52 GAMEON [info] select g.*,t.typeName,s.sportName from go_games g, go_types_lu t, go_sports_lu s go_wagerTypes_lu w  where g.gameID='1273325897' and g.type=t.id and g.sport=s.id
May 10 06:58:52 GAMEON [error] You have an error in your SQL syntax; check the manual that corresponds to your MySQL server version for the right syntax to use near 'go_wagerTypes_lu w  where g.gameID='1273325897' and g.type=t.id and g.sport=s.id' at line 1
May 10 06:59:36 GAMEON [info] select g.userName,s.* from go_user g, go_userSettings s where g.userID='1' and g.userID=s.userID 
May 10 06:59:38 GAMEON [info] select * from go_games where createdByUserID='1' Limit 0,100
May 10 06:59:39 GAMEON [info] select g.* from go_games g, go_gamesSubscribers s where s.userID='1' and s.gameID = g.gameID Limit 0,100
May 10 06:59:42 GAMEON [info] select g.*,t.typeName,s.sportName from go_games g, go_types_lu t, go_sports_lu s, go_wagerTypes_lu w  where g.gameID='1273325871' and g.type=t.id and g.sport=s.id
May 10 07:31:37 GAMEON [info] select g.userName,s.* from go_user g, go_userSettings s where g.userID='1' and g.userID=s.userID 
May 10 07:31:38 GAMEON [info] select * from go_games where createdByUserID='1' Limit 0,100
May 10 07:31:38 GAMEON [info] select g.* from go_games g, go_gamesSubscribers s where s.userID='1' and s.gameID = g.gameID Limit 0,100
May 10 07:31:40 GAMEON [info] select g.*,t.typeName,s.sportName from go_games g, LEFT JOIN go_types_lu t on g.type=t.id LEFT JOIN  go_sports_lu s on g.sport=s.id LEFT JOIN go_wagerTypes_lu w on g.wagerTypeID = w.id  where g.gameID='1273325897'
May 10 07:31:40 GAMEON [error] You have an error in your SQL syntax; check the manual that corresponds to your MySQL server version for the right syntax to use near 'LEFT JOIN go_types_lu t on g.type=t.id LEFT JOIN  go_sports_lu s on g.sport=s.id' at line 1
May 10 07:32:18 GAMEON [info] select g.userName,s.* from go_user g, go_userSettings s where g.userID='1' and g.userID=s.userID 
May 10 07:32:18 GAMEON [info] select * from go_games where createdByUserID='1' Limit 0,100
May 10 07:32:18 GAMEON [info] select g.* from go_games g, go_gamesSubscribers s where s.userID='1' and s.gameID = g.gameID Limit 0,100
May 10 07:32:20 GAMEON [info] select g.*,t.typeName,s.sportName from go_games g LEFT JOIN go_types_lu t on g.type=t.id LEFT JOIN  go_sports_lu s on g.sport=s.id LEFT JOIN go_wagerTypes_lu w on g.wagerTypeID = w.id  where g.gameID='1273325871'
May 10 07:37:05 GAMEON [info] select g.userName,s.* from go_user g, go_userSettings s where g.userID='1' and g.userID=s.userID 
May 10 07:37:05 GAMEON [info] select * from go_games where createdByUserID='1' Limit 0,100
May 10 07:37:05 GAMEON [info] select g.* from go_games g, go_gamesSubscribers s where s.userID='1' and s.gameID = g.gameID Limit 0,100
May 10 07:37:07 GAMEON [info] select g.*,t.typeName,s.sportName from go_games g LEFT JOIN go_types_lu t on g.type=t.id LEFT JOIN  go_sports_lu s on g.sport=s.id LEFT JOIN go_wagerTypes_lu w on g.wagerTypeID = w.id  where g.gameID='1273341306'
May 10 07:37:07 GAMEON [debug] Array
May 10 07:45:04 GAMEON [info] select g.userName,s.* from go_user g, go_userSettings s where g.userID='1' and g.userID=s.userID 
May 10 07:45:05 GAMEON [info] select * from go_games where createdByUserID='1' Limit 0,100
May 10 07:45:05 GAMEON [info] select g.* from go_games g, go_gamesSubscribers s where s.userID='1' and s.gameID = g.gameID Limit 0,100
May 10 07:45:08 GAMEON [info] select g.*,t.typeName,s.sportName from go_games g LEFT JOIN go_types_lu t on g.type=t.id LEFT JOIN  go_sports_lu s on g.sport=s.id LEFT JOIN go_wagerTypes_lu w on g.wagerTypeID = w.id  where g.gameID='1273341306'
May 10 07:45:08 GAMEON [debug] Array
May 10 07:45:53 GAMEON [info] select g.*,t.typeName,s.sportName from go_games g LEFT JOIN go_types_lu t on g.type=t.id LEFT JOIN  go_sports_lu s on g.sport=s.id LEFT JOIN go_wagerTypes_lu w on g.wagerTypeID = w.id  where g.gameID='1273325897'
May 10 07:45:53 GAMEON [debug] Array
May 10 07:47:39 GAMEON [info] select g.*,t.typeName,s.sportName from go_games g LEFT JOIN go_types_lu t on g.type=t.id LEFT JOIN  go_sports_lu s on g.sport=s.id LEFT JOIN go_wagerTypes_lu w on g.wagerTypeID = w.id  where g.gameID='1273325897'
May 10 07:47:39 GAMEON [debug] Array
May 10 07:48:18 GAMEON [info] select g.*,t.typeName,s.sportName from go_games g LEFT JOIN go_types_lu t on g.type=t.id LEFT JOIN  go_sports_lu s on g.sport=s.id LEFT JOIN go_wagerTypes_lu w on g.wagerTypeID = w.id  where g.gameID='1273325897'
May 10 07:48:18 GAMEON [debug] Array
May 10 07:54:50 GAMEON [info] select g.*,t.typeName,s.sportName from go_games g LEFT JOIN go_types_lu t on g.type=t.id LEFT JOIN  go_sports_lu s on g.sport=s.id LEFT JOIN go_wagerTypes_lu w on g.wagerTypeID = w.id  where g.gameID='1273325897'
May 10 07:54:50 GAMEON [debug] Array
May 10 07:57:41 GAMEON [info] select g.userName,s.* from go_user g, go_userSettings s where g.userID='1' and g.userID=s.userID 
May 10 07:57:42 GAMEON [info] select * from go_games where createdByUserID='1' Limit 0,100
May 10 07:57:42 GAMEON [info] select g.* from go_games g, go_gamesSubscribers s where s.userID='1' and s.gameID = g.gameID Limit 0,100
May 10 07:57:45 GAMEON [info] select g.*,t.typeName,s.sportName from go_games g LEFT JOIN go_types_lu t on g.type=t.id LEFT JOIN  go_sports_lu s on g.sport=s.id LEFT JOIN go_wagerTypes_lu w on g.wagerTypeID = w.id  where g.gameID='1273447469'
May 10 07:57:45 GAMEON [debug] Array
May 10 07:58:09 GAMEON [info] select g.userName,s.* from go_user g, go_userSettings s where g.userID='1' and g.userID=s.userID 
May 10 07:58:09 GAMEON [info] select * from go_games where createdByUserID='1' Limit 0,100
May 10 07:58:09 GAMEON [info] select g.* from go_games g, go_gamesSubscribers s where s.userID='1' and s.gameID = g.gameID Limit 0,100
May 10 07:58:13 GAMEON [info] select g.*,t.typeName,s.sportName from go_games g LEFT JOIN go_types_lu t on g.type=t.id LEFT JOIN  go_sports_lu s on g.sport=s.id LEFT JOIN go_wagerTypes_lu w on g.wagerTypeID = w.id  where g.gameID='1273447302'
May 10 07:58:13 GAMEON [debug] Array
May 10 07:58:21 GAMEON [info] select g.*,t.typeName,s.sportName from go_games g LEFT JOIN go_types_lu t on g.type=t.id LEFT JOIN  go_sports_lu s on g.sport=s.id LEFT JOIN go_wagerTypes_lu w on g.wagerTypeID = w.id  where g.gameID='1273325871'
May 10 07:58:21 GAMEON [debug] Array
May 10 09:58:55 GAMEON [info] select g.userName,s.* from go_user g, go_userSettings s where g.userID='1' and g.userID=s.userID 
May 10 09:58:56 GAMEON [info] select * from go_games where createdByUserID='1' Limit 0,100
May 10 09:58:56 GAMEON [info] select g.* from go_games g, go_gamesSubscribers s where s.userID='1' and s.gameID = g.gameID Limit 0,100
May 10 09:58:58 GAMEON [info] select g.*,t.typeName,s.sportName from go_games g LEFT JOIN go_types_lu t on g.type=t.id LEFT JOIN  go_sports_lu s on g.sport=s.id LEFT JOIN go_wagerTypes_lu w on g.wagerTypeID = w.id  where g.gameID='1273325871'
May 10 09:58:58 GAMEON [debug] Array
May 10 09:59:24 GAMEON [info] select g.userName,s.* from go_user g, go_userSettings s where g.userID='1' and g.userID=s.userID 
May 10 09:59:24 GAMEON [info] select * from go_games where createdByUserID='1' Limit 0,100
May 10 09:59:24 GAMEON [info] select g.* from go_games g, go_gamesSubscribers s where s.userID='1' and s.gameID = g.gameID Limit 0,100
May 10 10:13:32 GAMEON [info] select g.userName,s.* from go_user g, go_userSettings s where g.userID='1' and g.userID=s.userID 
May 10 10:13:33 GAMEON [info] select * from go_games where createdByUserID='1' Limit 0,100
May 10 10:13:33 GAMEON [info] select g.* from go_games g, go_gamesSubscribers s where s.userID='1' and s.gameID = g.gameID Limit 0,100
May 10 10:13:36 GAMEON [info] select g.*,t.typeName,s.sportName from go_games g LEFT JOIN go_types_lu t on g.type=t.id LEFT JOIN  go_sports_lu s on g.sport=s.id LEFT JOIN go_wagerTypes_lu w on g.wagerTypeID = w.id  where g.gameID='1273325871'
May 10 10:13:36 GAMEON [debug] Array
May 10 10:15:43 GAMEON [info] select g.*,t.typeName,s.sportName from go_games g LEFT JOIN go_types_lu t on g.type=t.id LEFT JOIN  go_sports_lu s on g.sport=s.id LEFT JOIN go_wagerTypes_lu w on g.wagerTypeID = w.id  where g.gameID='1273325871'
May 10 10:15:43 GAMEON [debug] Array
May 10 11:06:36 GAMEON [info] select g.userName,s.* from go_user g, go_userSettings s where g.userName='jittrdev' and g.userID=s.userID 
May 10 11:06:36 GAMEON [info] select g.userName,s.* from go_user g, go_userSettings s where g.userID='1' and g.userID=s.userID 
May 10 11:06:36 GAMEON [info] select * from go_games where createdByUserID='1' Limit 0,100
May 10 11:06:36 GAMEON [info] select g.* from go_games g, go_gamesSubscribers s where s.userID='1' and s.gameID = g.gameID Limit 0,100
May 10 11:06:38 GAMEON [info] select g.*,t.typeName,s.sportName from go_games g LEFT JOIN go_types_lu t on g.type=t.id LEFT JOIN  go_sports_lu s on g.sport=s.id LEFT JOIN go_wagerTypes_lu w on g.wagerTypeID = w.id  where g.gameID='1273325871'
May 10 11:06:38 GAMEON [debug] Array
May 10 11:20:08 GAMEON [info] select g.userName,s.* from go_user g, go_userSettings s where g.userID='1' and g.userID=s.userID 
May 10 11:20:09 GAMEON [info] select * from go_games where createdByUserID='1' Limit 0,100
May 10 11:20:09 GAMEON [info] select g.* from go_games g, go_gamesSubscribers s where s.userID='1' and s.gameID = g.gameID Limit 0,100
May 10 11:20:12 GAMEON [info] select g.*,t.typeName,s.sportName from go_games g LEFT JOIN go_types_lu t on g.type=t.id LEFT JOIN  go_sports_lu s on g.sport=s.id LEFT JOIN go_wagerTypes_lu w on g.wagerTypeID = w.id  where g.gameID='1273325871'
May 10 11:20:12 GAMEON [debug] Array
May 10 11:20:18 GAMEON [info] select g.userName,s.* from go_user g, go_userSettings s where g.userID='1' and g.userID=s.userID 
May 10 11:20:18 GAMEON [info] select * from go_games where createdByUserID='1' Limit 0,100
May 10 11:20:18 GAMEON [info] select g.* from go_games g, go_gamesSubscribers s where s.userID='1' and s.gameID = g.gameID Limit 0,100
May 10 11:30:16 GAMEON [info] select g.*,t.typeName,s.sportName from go_games g LEFT JOIN go_types_lu t on g.type=t.id LEFT JOIN  go_sports_lu s on g.sport=s.id LEFT JOIN go_wagerTypes_lu w on g.wagerTypeID = w.id  where g.gameID='1273325871'
May 10 11:30:16 GAMEON [debug] Array
May 10 11:44:09 GAMEON [info] select g.*,t.typeName,s.sportName from go_games g LEFT JOIN go_types_lu t on g.type=t.id LEFT JOIN  go_sports_lu s on g.sport=s.id LEFT JOIN go_wagerTypes_lu w on g.wagerTypeID = w.id  where g.gameID='1273325871'
May 10 11:44:09 GAMEON [debug] Array
May 10 11:44:51 GAMEON [info] select g.*,t.typeName,s.sportName from go_games g LEFT JOIN go_types_lu t on g.type=t.id LEFT JOIN  go_sports_lu s on g.sport=s.id LEFT JOIN go_wagerTypes_lu w on g.wagerTypeID = w.id  where g.gameID='1273325871'
May 10 11:44:51 GAMEON [debug] Array
May 10 11:45:57 GAMEON [info] select g.*,t.typeName,s.sportName from go_games g LEFT JOIN go_types_lu t on g.type=t.id LEFT JOIN  go_sports_lu s on g.sport=s.id LEFT JOIN go_wagerTypes_lu w on g.wagerTypeID = w.id  where g.gameID='1273325871'
May 10 11:45:57 GAMEON [debug] Array
May 10 11:49:20 GAMEON [info] select g.*,t.typeName,s.sportName from go_games g LEFT JOIN go_types_lu t on g.type=t.id LEFT JOIN  go_sports_lu s on g.sport=s.id LEFT JOIN go_wagerTypes_lu w on g.wagerTypeID = w.id  where g.gameID='1273325871'
May 10 11:49:20 GAMEON [debug] Array
May 10 11:50:50 GAMEON [info] select g.*,t.typeName,s.sportName from go_games g LEFT JOIN go_types_lu t on g.type=t.id LEFT JOIN  go_sports_lu s on g.sport=s.id LEFT JOIN go_wagerTypes_lu w on g.wagerTypeID = w.id  where g.gameID='1273325871'
May 10 11:50:50 GAMEON [debug] Array
May 10 12:16:20 GAMEON [info] select g.userName,s.* from go_user g, go_userSettings s where g.userID='1' and g.userID=s.userID 
May 10 12:16:21 GAMEON [info] select * from go_games where createdByUserID='1' Limit 0,100
May 10 12:16:21 GAMEON [info] select g.* from go_games g, go_gamesSubscribers s where s.userID='1' and s.gameID = g.gameID Limit 0,100
May 10 12:16:24 GAMEON [info] select g.*,t.typeName,s.sportName from go_games g LEFT JOIN go_types_lu t on g.type=t.id LEFT JOIN  go_sports_lu s on g.sport=s.id LEFT JOIN go_wagerTypes_lu w on g.wagerTypeID = w.id  where g.gameID='1273325897'
May 10 12:16:25 GAMEON [debug] Array
May 10 12:53:57 GAMEON [info] select g.userName,s.* from go_user g, go_userSettings s where g.userID='1' and g.userID=s.userID 
May 10 12:59:02 GAMEON [info] select g.userName,s.* from go_user g, go_userSettings s where g.userID='1' and g.userID=s.userID 
May 10 13:02:01 GAMEON [info] select * from go_games where createdByUserID='1' Limit 0,100
May 10 13:02:13 GAMEON [info] select g.userName,s.* from go_user g, go_userSettings s where g.userID='1' and g.userID=s.userID 
May 10 13:02:13 GAMEON [info] select * from go_games where createdByUserID='1' Limit 0,100
May 10 13:02:13 GAMEON [info] select g.* from go_games g, go_gamesSubscribers s where s.userID='1' and s.gameID = g.gameID Limit 0,100
May 10 13:02:16 GAMEON [info] select g.*,t.typeName,s.sportName from go_games g LEFT JOIN go_types_lu t on g.type=t.id LEFT JOIN  go_sports_lu s on g.sport=s.id LEFT JOIN go_wagerTypes_lu w on g.wagerTypeID = w.id  where g.gameID='1273325871'
May 10 13:02:16 GAMEON [debug] Array
May 10 13:04:41 GAMEON [info] select g.*,t.typeName,s.sportName from go_games g LEFT JOIN go_types_lu t on g.type=t.id LEFT JOIN  go_sports_lu s on g.sport=s.id LEFT JOIN go_wagerTypes_lu w on g.wagerTypeID = w.id  where g.gameID='1273325871'
May 10 13:04:41 GAMEON [debug] Array
May 10 13:07:42 GAMEON [info] select g.*,t.typeName,s.sportName from go_games g LEFT JOIN go_types_lu t on g.type=t.id LEFT JOIN  go_sports_lu s on g.sport=s.id LEFT JOIN go_wagerTypes_lu w on g.wagerTypeID = w.id  where g.gameID='1273325871'
May 10 13:07:42 GAMEON [debug] Array
May 10 13:10:28 GAMEON [info] select g.*,t.typeName,s.sportName from go_games g LEFT JOIN go_types_lu t on g.type=t.id LEFT JOIN  go_sports_lu s on g.sport=s.id LEFT JOIN go_wagerTypes_lu w on g.wagerTypeID = w.id  where g.gameID='1273325871'
May 10 13:10:28 GAMEON [debug] Array
May 10 13:11:15 GAMEON [info] select g.*,t.typeName,s.sportName from go_games g LEFT JOIN go_types_lu t on g.type=t.id LEFT JOIN  go_sports_lu s on g.sport=s.id LEFT JOIN go_wagerTypes_lu w on g.wagerTypeID = w.id  where g.gameID='1273325871'
May 10 13:11:15 GAMEON [debug] Array
May 10 13:14:20 GAMEON [info] select g.*,t.typeName,s.sportName from go_games g LEFT JOIN go_types_lu t on g.type=t.id LEFT JOIN  go_sports_lu s on g.sport=s.id LEFT JOIN go_wagerTypes_lu w on g.wagerTypeID = w.id  where g.gameID='1273325871'
May 10 13:14:20 GAMEON [debug] Array
May 10 13:14:20 GAMEON [debug] http://jittr.com/jittr/gameon/go_getgamesubscribers.php?query=gamesubscribers&gameid=1273325871
May 10 13:17:25 GAMEON [error] 
May 10 13:17:35 GAMEON [error] 
May 10 13:18:08 GAMEON [info] select s.*,u.userName from go_gamesSubscribers s LEFT JOIN go_users u on s.userID = u.userID  where s.gameID = '  Limit 0,100
May 10 13:18:08 GAMEON [error] 
May 10 13:19:23 GAMEON [info] select s.*,u.userName from go_gamesSubscribers s LEFT JOIN go_users u on s.userID = u.userID  where s.gameID = '  Limit 0,100
May 10 13:19:23 GAMEON [error] 
May 10 13:19:56 GAMEON [info] select s.*,u.userName from go_gamesSubscribers s LEFT JOIN go_users u on s.userID = u.userID  where s.gameID = ''  Limit 0,100
May 10 13:19:56 GAMEON [error] 
May 10 13:20:25 GAMEON [info] select s.*,u.userName from go_gamesSubscribers s LEFT JOIN go_user u on s.userID = u.userID  where s.gameID = ''  Limit 0,100
May 10 14:12:32 GAMEON [info] select s.*,u.userName from go_gamesSubscribers s LEFT JOIN go_user u on s.userID = u.userID  where s.gameID = ''  Limit 0,100
May 10 14:18:32 GAMEON [info] select s.*,u.userName from go_gamesSubscribers s LEFT JOIN go_user u on s.userID = u.userID  where s.gameID = ''  Limit 0,100
May 10 14:20:37 GAMEON [info] select s.*,u.userName from go_gamesSubscribers s LEFT JOIN go_user u on s.userID = u.userID  where s.gameID = ''  Limit 0,100
May 10 14:20:41 GAMEON [info] select s.*,u.userName from go_gamesSubscribers s LEFT JOIN go_user u on s.userID = u.userID  where s.gameID = ''  Limit 0,100
May 10 14:23:14 GAMEON [debug] GameID - 1273325871
May 10 14:23:14 GAMEON [info] select s.*,u.userName from go_gamesSubscribers s LEFT JOIN go_user u on s.userID = u.userID  where s.gameID = ''  Limit 0,100
May 10 14:25:15 GAMEON [debug] GameID - 1273325871
May 10 14:25:15 GAMEON [info] select s.*,u.userName from go_gamesSubscribers s LEFT JOIN go_user u on s.userID = u.userID  where s.gameID = '1273325871'  Limit 0,100
May 10 14:26:56 GAMEON [debug] GameID - 1273325871
May 10 14:26:56 GAMEON [info] select s.*,u.userName from go_gamesSubscribers s LEFT JOIN go_user u on s.userID = u.userID  where s.gameID = '1273325871'  Limit 0,100
May 10 14:27:24 GAMEON [info] select g.userName,s.* from go_user g, go_userSettings s where g.userID='1' and g.userID=s.userID 
May 10 14:27:25 GAMEON [info] select * from go_games where createdByUserID='1' Limit 0,100
May 10 14:27:25 GAMEON [info] select g.* from go_games g, go_gamesSubscribers s where s.userID='1' and s.gameID = g.gameID Limit 0,100
May 10 14:27:28 GAMEON [info] select g.*,t.typeName,s.sportName from go_games g LEFT JOIN go_types_lu t on g.type=t.id LEFT JOIN  go_sports_lu s on g.sport=s.id LEFT JOIN go_wagerTypes_lu w on g.wagerTypeID = w.id  where g.gameID='1273341306'
May 10 14:27:28 GAMEON [debug] Array
May 10 14:27:28 GAMEON [debug] http://jittr.com/jittr/gameon/go_getgamesubscribers.php?query=gamesubscribers&gameid=1273341306
May 10 14:27:28 GAMEON [debug] GameID - 1273341306
May 10 14:27:28 GAMEON [info] select s.*,u.userName from go_gamesSubscribers s LEFT JOIN go_user u on s.userID = u.userID  where s.gameID = '1273341306'  Limit 0,100
May 10 14:27:32 GAMEON [info] select g.*,t.typeName,s.sportName from go_games g LEFT JOIN go_types_lu t on g.type=t.id LEFT JOIN  go_sports_lu s on g.sport=s.id LEFT JOIN go_wagerTypes_lu w on g.wagerTypeID = w.id  where g.gameID='1273325871'
May 10 14:27:32 GAMEON [debug] Array
May 10 14:27:32 GAMEON [debug] http://jittr.com/jittr/gameon/go_getgamesubscribers.php?query=gamesubscribers&gameid=1273325871
May 10 14:27:32 GAMEON [debug] GameID - 1273325871
May 10 14:27:32 GAMEON [info] select s.*,u.userName from go_gamesSubscribers s LEFT JOIN go_user u on s.userID = u.userID  where s.gameID = '1273325871'  Limit 0,100
May 10 14:27:57 GAMEON [info] select g.userName,s.* from go_user g, go_userSettings s where g.userID='1' and g.userID=s.userID 
May 10 14:27:57 GAMEON [info] select * from go_games where createdByUserID='1' Limit 0,100
May 10 14:27:58 GAMEON [info] select g.* from go_games g, go_gamesSubscribers s where s.userID='1' and s.gameID = g.gameID Limit 0,100
May 10 14:28:00 GAMEON [info] select g.*,t.typeName,s.sportName from go_games g LEFT JOIN go_types_lu t on g.type=t.id LEFT JOIN  go_sports_lu s on g.sport=s.id LEFT JOIN go_wagerTypes_lu w on g.wagerTypeID = w.id  where g.gameID='1273325871'
May 10 14:28:00 GAMEON [debug] Array
May 10 14:28:00 GAMEON [debug] http://jittr.com/jittr/gameon/go_getgamesubscribers.php?query=gamesubscribers&gameid=1273325871
May 10 14:28:00 GAMEON [debug] GameID - 1273325871
May 10 14:28:00 GAMEON [info] select s.*,u.userName from go_gamesSubscribers s LEFT JOIN go_user u on s.userID = u.userID  where s.gameID = '1273325871'  Limit 0,100
May 10 15:38:34 GAMEON [info] select g.*,t.typeName,s.sportName from go_games g LEFT JOIN go_types_lu t on g.type=t.id LEFT JOIN  go_sports_lu s on g.sport=s.id LEFT JOIN go_wagerTypes_lu w on g.wagerTypeID = w.id  where g.gameID='1273325871'
May 10 15:38:34 GAMEON [debug] Array
May 10 15:38:34 GAMEON [debug] http://jittr.com/jittr/gameon/go_getgamesubscribers.php?query=gamesubscribers&gameid=1273325871
May 10 15:38:35 GAMEON [debug] GameID - 1273325871
May 10 15:38:35 GAMEON [info] select s.*,u.userName from go_gamesSubscribers s LEFT JOIN go_user u on s.userID = u.userID  where s.gameID = '1273325871'  Limit 0,100
May 10 15:38:39 GAMEON [info] select g.userName,s.* from go_user g, go_userSettings s where g.userID='1' and g.userID=s.userID 
May 10 15:38:39 GAMEON [info] select * from go_games where createdByUserID='1' Limit 0,100
May 10 15:38:39 GAMEON [info] select g.* from go_games g, go_gamesSubscribers s where s.userID='1' and s.gameID = g.gameID Limit 0,100
May 10 15:38:43 GAMEON [info] select g.*,t.typeName,s.sportName from go_games g LEFT JOIN go_types_lu t on g.type=t.id LEFT JOIN  go_sports_lu s on g.sport=s.id LEFT JOIN go_wagerTypes_lu w on g.wagerTypeID = w.id  where g.gameID='1273341306'
May 10 15:38:43 GAMEON [debug] Array
May 10 15:38:43 GAMEON [debug] http://jittr.com/jittr/gameon/go_getgamesubscribers.php?query=gamesubscribers&gameid=1273341306
May 10 15:38:43 GAMEON [debug] GameID - 1273341306
May 10 15:38:43 GAMEON [info] select s.*,u.userName from go_gamesSubscribers s LEFT JOIN go_user u on s.userID = u.userID  where s.gameID = '1273341306'  Limit 0,100
May 10 16:27:10 GAMEON [info] select g.userName,s.* from go_user g, go_userSettings s where g.userID='1' and g.userID=s.userID 
May 10 16:27:11 GAMEON [info] select * from go_games where createdByUserID='1' Limit 0,100
May 10 16:27:11 GAMEON [info] select g.* from go_games g, go_gamesSubscribers s where s.userID='1' and s.gameID = g.gameID Limit 0,100
May 10 16:27:16 GAMEON [info] select g.*,t.typeName,s.sportName from go_games g LEFT JOIN go_types_lu t on g.type=t.id LEFT JOIN  go_sports_lu s on g.sport=s.id LEFT JOIN go_wagerTypes_lu w on g.wagerTypeID = w.id  where g.gameID='1273341306'
May 10 16:27:16 GAMEON [debug] Array
May 10 16:27:16 GAMEON [debug] http://jittr.com/jittr/gameon/go_getgamesubscribers.php?query=gamesubscribers&gameid=1273341306
May 10 16:27:16 GAMEON [debug] GameID - 1273341306
May 10 16:27:16 GAMEON [info] select s.*,u.userName from go_gamesSubscribers s LEFT JOIN go_user u on s.userID = u.userID  where s.gameID = '1273341306'  Limit 0,100
May 10 16:27:46 GAMEON [info] select g.userName,s.* from go_user g, go_userSettings s where g.userName='jittrdev' and g.userID=s.userID 
May 10 16:27:47 GAMEON [info] select g.userName,s.* from go_user g, go_userSettings s where g.userID='1' and g.userID=s.userID 
May 10 16:27:47 GAMEON [info] select * from go_games where createdByUserID='1' Limit 0,100
May 10 16:27:47 GAMEON [info] select g.* from go_games g, go_gamesSubscribers s where s.userID='1' and s.gameID = g.gameID Limit 0,100
May 10 16:28:08 GAMEON [info] insert into go_games (gameID,createdByUserID,createdByUserName,title,eventName,date,description,type,sport,subscriptionClose,wagerType,wagerUnits) values ('1273534088','1','jittrdev','dog will bark','dog will bark','','dog will bark','0','0','','donuts donuts','12')
May 10 16:28:08 GAMEON [info] select g.userName,s.* from go_user g, go_userSettings s where g.userID='1' and g.userID=s.userID 
May 10 16:28:08 GAMEON [info] select * from go_games where createdByUserID='1' Limit 0,100
May 10 16:28:08 GAMEON [info] select g.* from go_games g, go_gamesSubscribers s where s.userID='1' and s.gameID = g.gameID Limit 0,100
May 10 16:28:11 GAMEON [info] select g.*,t.typeName,s.sportName from go_games g LEFT JOIN go_types_lu t on g.type=t.id LEFT JOIN  go_sports_lu s on g.sport=s.id LEFT JOIN go_wagerTypes_lu w on g.wagerTypeID = w.id  where g.gameID='1273534088'
May 10 16:28:11 GAMEON [debug] Array
May 10 16:28:11 GAMEON [debug] http://jittr.com/jittr/gameon/go_getgamesubscribers.php?query=gamesubscribers&gameid=1273534088
May 10 16:28:11 GAMEON [debug] GameID - 1273534088
May 10 16:28:11 GAMEON [info] select s.*,u.userName from go_gamesSubscribers s LEFT JOIN go_user u on s.userID = u.userID  where s.gameID = '1273534088'  Limit 0,100
May 10 16:28:18 GAMEON [info] select g.userName,s.* from go_user g, go_userSettings s where g.userID='1' and g.userID=s.userID 
May 10 16:28:18 GAMEON [info] select * from go_games where createdByUserID='1' Limit 0,100
May 10 16:28:18 GAMEON [info] select g.* from go_games g, go_gamesSubscribers s where s.userID='1' and s.gameID = g.gameID Limit 0,100
May 11 13:33:28 GAMEON [info] select g.userName,s.* from go_user g, go_userSettings s where g.userName='jittrdev' and g.userID=s.userID 
May 11 13:33:28 GAMEON [info] select g.userName,s.* from go_user g, go_userSettings s where g.userID='1' and g.userID=s.userID 
May 11 13:33:29 GAMEON [info] select * from go_games where createdByUserID='1' Limit 0,100
May 11 13:33:29 GAMEON [info] select g.* from go_games g, go_gamesSubscribers s where s.userID='1' and s.gameID = g.gameID Limit 0,100
May 11 13:33:33 GAMEON [info] select g.*,t.typeName,s.sportName from go_games g LEFT JOIN go_types_lu t on g.type=t.id LEFT JOIN  go_sports_lu s on g.sport=s.id LEFT JOIN go_wagerTypes_lu w on g.wagerTypeID = w.id  where g.gameID='1273325871'
May 11 13:33:33 GAMEON [debug] Array
May 11 13:33:33 GAMEON [debug] http://jittr.com/jittr/gameon/go_getgamesubscribers.php?query=gamesubscribers&gameid=1273325871
May 11 13:33:33 GAMEON [debug] GameID - 1273325871
May 11 13:33:33 GAMEON [info] select s.*,u.userName from go_gamesSubscribers s LEFT JOIN go_user u on s.userID = u.userID  where s.gameID = '1273325871'  Limit 0,100
May 11 16:10:23 GAMEON [info] select g.*,t.typeName,s.sportName from go_games g LEFT JOIN go_types_lu t on g.type=t.id LEFT JOIN  go_sports_lu s on g.sport=s.id LEFT JOIN go_wagerTypes_lu w on g.wagerTypeID = w.id  where g.gameID='1273325871'
May 11 16:10:23 GAMEON [debug] Array
May 11 16:10:23 GAMEON [debug] http://jittr.com/jittr/gameon/go_getgamesubscribers.php?query=gamesubscribers&gameid=1273325871
May 11 16:10:24 GAMEON [debug] GameID - 1273325871
May 11 16:10:24 GAMEON [info] select s.*,u.userName from go_gamesSubscribers s LEFT JOIN go_user u on s.userID = u.userID  where s.gameID = '1273325871'  Limit 0,100
May 11 16:15:45 GAMEON [info] select g.userName,s.* from go_user g, go_userSettings s where g.userID='1' and g.userID=s.userID 
May 11 16:15:45 GAMEON [info] select * from go_games where createdByUserID='1' Limit 0,100
May 11 16:15:45 GAMEON [info] select g.* from go_games g, go_gamesSubscribers s where s.userID='1' and s.gameID = g.gameID Limit 0,100
May 11 16:15:51 GAMEON [info] select g.*,t.typeName,s.sportName from go_games g LEFT JOIN go_types_lu t on g.type=t.id LEFT JOIN  go_sports_lu s on g.sport=s.id LEFT JOIN go_wagerTypes_lu w on g.wagerTypeID = w.id  where g.gameID='1273325897'
May 11 16:15:51 GAMEON [debug] Array
May 11 16:15:51 GAMEON [debug] http://jittr.com/jittr/gameon/go_getgamesubscribers.php?query=gamesubscribers&gameid=1273325897
May 11 16:15:51 GAMEON [debug] GameID - 1273325897
May 11 16:15:51 GAMEON [info] select s.*,u.userName from go_gamesSubscribers s LEFT JOIN go_user u on s.userID = u.userID  where s.gameID = '1273325897'  Limit 0,100
May 11 16:16:00 GAMEON [info] select g.*,t.typeName,s.sportName from go_games g LEFT JOIN go_types_lu t on g.type=t.id LEFT JOIN  go_sports_lu s on g.sport=s.id LEFT JOIN go_wagerTypes_lu w on g.wagerTypeID = w.id  where g.gameID='1273325871'
May 11 16:16:00 GAMEON [debug] Array
May 11 16:16:00 GAMEON [debug] http://jittr.com/jittr/gameon/go_getgamesubscribers.php?query=gamesubscribers&gameid=1273325871
May 11 16:16:00 GAMEON [debug] GameID - 1273325871
May 11 16:16:00 GAMEON [info] select s.*,u.userName from go_gamesSubscribers s LEFT JOIN go_user u on s.userID = u.userID  where s.gameID = '1273325871'  Limit 0,100
May 11 16:23:54 GAMEON [info] select g.userName,s.* from go_user g, go_userSettings s where g.userID='1' and g.userID=s.userID 
May 11 16:23:55 GAMEON [info] select * from go_games where createdByUserID='1' Limit 0,100
May 11 16:23:55 GAMEON [info] select g.* from go_games g, go_gamesSubscribers s where s.userID='1' and s.gameID = g.gameID Limit 0,100
May 11 17:14:44 GAMEON [info] select g.userName,s.* from go_user g, go_userSettings s where g.userName='jittrdev' and g.userID=s.userID 
May 11 17:14:44 GAMEON [info] select g.userName,s.* from go_user g, go_userSettings s where g.userID='1' and g.userID=s.userID 
May 11 17:14:45 GAMEON [info] select * from go_games where createdByUserID='1' Limit 0,100
May 11 17:14:45 GAMEON [info] select g.* from go_games g, go_gamesSubscribers s where s.userID='1' and s.gameID = g.gameID Limit 0,100
May 11 17:14:59 GAMEON [info] insert into go_games (gameID,createdByUserID,createdByUserName,title,eventName,date,description,type,sport,subscriptionClose,wagerType,wagerUnits) values ('1273623299','1','jittrdev','shopon ','shopon ','','shopon ','0','0','','donuts','12')
May 11 17:14:59 GAMEON [info] select g.userName,s.* from go_user g, go_userSettings s where g.userID='1' and g.userID=s.userID 
May 11 17:14:59 GAMEON [info] select * from go_games where createdByUserID='1' Limit 0,100
May 11 17:14:59 GAMEON [info] select g.* from go_games g, go_gamesSubscribers s where s.userID='1' and s.gameID = g.gameID Limit 0,100
May 11 17:15:05 GAMEON [info] select g.*,t.typeName,s.sportName from go_games g LEFT JOIN go_types_lu t on g.type=t.id LEFT JOIN  go_sports_lu s on g.sport=s.id LEFT JOIN go_wagerTypes_lu w on g.wagerTypeID = w.id  where g.gameID='1273623299'
May 11 17:15:05 GAMEON [debug] Array
May 11 17:15:05 GAMEON [debug] http://jittr.com/jittr/gameon/go_getgamesubscribers.php?query=gamesubscribers&gameid=1273623299
May 11 17:15:05 GAMEON [debug] GameID - 1273623299
May 11 17:15:05 GAMEON [info] select s.*,u.userName from go_gamesSubscribers s LEFT JOIN go_user u on s.userID = u.userID  where s.gameID = '1273623299'  Limit 0,100
May 11 17:26:08 GAMEON [info] select g.userName,s.* from go_user g, go_userSettings s where g.userID='1' and g.userID=s.userID 
May 11 17:26:09 GAMEON [info] select * from go_games where createdByUserID='1' Limit 0,100
May 11 17:26:09 GAMEON [info] select g.* from go_games g, go_gamesSubscribers s where s.userID='1' and s.gameID = g.gameID Limit 0,100
May 11 17:27:12 GAMEON [info] select g.userName,s.* from go_user g, go_userSettings s where g.userID='1' and g.userID=s.userID 
May 11 17:27:12 GAMEON [info] select * from go_games where createdByUserID='1' Limit 0,100
May 11 17:27:12 GAMEON [info] select g.* from go_games g, go_gamesSubscribers s where s.userID='1' and s.gameID = g.gameID Limit 0,100
May 11 17:27:51 GAMEON [info] select g.userName,s.* from go_user g, go_userSettings s where g.userID='1' and g.userID=s.userID 
May 11 17:27:51 GAMEON [info] select * from go_games where createdByUserID='1' Limit 0,100
May 11 17:27:51 GAMEON [info] select g.* from go_games g, go_gamesSubscribers s where s.userID='1' and s.gameID = g.gameID Limit 0,100
May 11 17:27:55 GAMEON [info] select g.*,t.typeName,s.sportName from go_games g LEFT JOIN go_types_lu t on g.type=t.id LEFT JOIN  go_sports_lu s on g.sport=s.id LEFT JOIN go_wagerTypes_lu w on g.wagerTypeID = w.id  where g.gameID='1273447176'
May 11 17:27:55 GAMEON [debug] Array
May 11 17:27:55 GAMEON [debug] http://jittr.com/jittr/gameon/go_getgamesubscribers.php?query=gamesubscribers&gameid=1273447176
May 11 17:27:55 GAMEON [debug] GameID - 1273447176
May 11 17:27:55 GAMEON [info] select s.*,u.userName from go_gamesSubscribers s LEFT JOIN go_user u on s.userID = u.userID  where s.gameID = '1273447176'  Limit 0,100
May 11 17:28:01 GAMEON [info] select g.userName,s.* from go_user g, go_userSettings s where g.userID='1' and g.userID=s.userID 
May 11 17:28:01 GAMEON [info] select * from go_games where createdByUserID='1' Limit 0,100
May 11 17:28:01 GAMEON [info] select g.* from go_games g, go_gamesSubscribers s where s.userID='1' and s.gameID = g.gameID Limit 0,100
May 11 18:28:07 GAMEON [info] select g.userName,s.* from go_user g, go_userSettings s where g.userID='1' and g.userID=s.userID 
May 11 18:28:57 GAMEON [info] select g.userName,s.* from go_user g, go_userSettings s where g.userID='1' and g.userID=s.userID 
May 11 18:38:30 GAMEON [info] select g.userName,s.* from go_user g, go_userSettings s where g.userID='1' and g.userID=s.userID 
May 11 18:39:56 GAMEON [info] select g.userName,s.* from go_user g, go_userSettings s where g.userID='1' and g.userID=s.userID 
May 11 18:40:16 GAMEON [info] select g.userName,s.* from go_user g, go_userSettings s where g.userID='1' and g.userID=s.userID 
May 11 18:54:41 GAMEON [info] select g.userName,s.* from go_user g, go_userSettings s where g.userID='1' and g.userID=s.userID 
May 11 18:55:20 GAMEON [info] select g.userName,s.* from go_user g, go_userSettings s where g.userID='1' and g.userID=s.userID 
May 11 18:56:02 GAMEON [info] select g.userName,s.* from go_user g, go_userSettings s where g.userID='1' and g.userID=s.userID 
May 11 18:56:03 GAMEON [info] select * from go_games where createdByUserID='1' Limit 0,100
May 11 18:56:03 GAMEON [info] select g.* from go_games g, go_gamesSubscribers s where s.userID='1' and s.gameID = g.gameID Limit 0,100
May 11 18:56:08 GAMEON [info] select g.*,t.typeName,s.sportName from go_games g LEFT JOIN go_types_lu t on g.type=t.id LEFT JOIN  go_sports_lu s on g.sport=s.id LEFT JOIN go_wagerTypes_lu w on g.wagerTypeID = w.id  where g.gameID='1273325871'
May 11 18:56:08 GAMEON [debug] Array
May 11 18:56:08 GAMEON [debug] http://jittr.com/jittr/gameon/go_getgamesubscribers.php?query=gamesubscribers&gameid=1273325871
May 11 18:56:08 GAMEON [debug] GameID - 1273325871
May 11 18:56:08 GAMEON [info] select s.*,u.userName from go_gamesSubscribers s LEFT JOIN go_user u on s.userID = u.userID  where s.gameID = '1273325871'  Limit 0,100
May 11 18:58:37 GAMEON [info] select g.userName,s.* from go_user g, go_userSettings s where g.userID='1' and g.userID=s.userID 
May 11 18:58:37 GAMEON [info] select * from go_games where createdByUserID='1' Limit 0,100
May 11 18:58:37 GAMEON [info] select g.* from go_games g, go_gamesSubscribers s where s.userID='1' and s.gameID = g.gameID Limit 0,100
May 11 18:58:40 GAMEON [info] select g.*,t.typeName,s.sportName from go_games g LEFT JOIN go_types_lu t on g.type=t.id LEFT JOIN  go_sports_lu s on g.sport=s.id LEFT JOIN go_wagerTypes_lu w on g.wagerTypeID = w.id  where g.gameID='1273325871'
May 11 18:58:40 GAMEON [debug] Array
May 11 18:58:40 GAMEON [debug] http://jittr.com/jittr/gameon/go_getgamesubscribers.php?query=gamesubscribers&gameid=1273325871
May 11 18:58:40 GAMEON [debug] GameID - 1273325871
May 11 18:58:40 GAMEON [info] select s.*,u.userName from go_gamesSubscribers s LEFT JOIN go_user u on s.userID = u.userID  where s.gameID = '1273325871'  Limit 0,100
May 11 19:01:29 GAMEON [info] select g.userName,s.* from go_user g, go_userSettings s where g.userID='1' and g.userID=s.userID 
May 11 19:04:19 GAMEON [info] select g.userName,s.* from go_user g, go_userSettings s where g.userID='1' and g.userID=s.userID 
May 13 07:38:33 GAMEON [info] select g.*,t.typeName,s.sportName from go_publicgames g LEFT JOIN go_types_lu t on g.type=t.id LEFT JOIN  go_sports_lu s on g.sport=s.id where g.gameID='1'
May 13 07:38:33 GAMEON [debug] 
May 13 07:53:56 GAMEON [info] select g.*,t.typeName,s.sportName from go_publicgames g LEFT JOIN go_types_lu t on g.type=t.id LEFT JOIN  go_sports_lu s on g.sport=s.id where g.gameID='1'
May 13 07:53:56 GAMEON [debug] 
May 13 07:58:38 GAMEON [info] select g.*,t.typeName,s.sportName from go_publicgames g LEFT JOIN go_types_lu t on g.type=t.id LEFT JOIN  go_sports_lu s on g.sport=s.id where g.gameID='1'
May 13 07:58:38 GAMEON [debug] 
May 13 07:59:47 GAMEON [info] select g.*,t.typeName,s.sportName from go_publicgames g LEFT JOIN go_types_lu t on g.type=t.id LEFT JOIN  go_sports_lu s on g.sport=s.id where g.gameID='1'
May 13 07:59:47 GAMEON [debug] 
May 13 08:00:08 GAMEON [info] select g.*,t.typeName,s.sportName from go_publicgames g LEFT JOIN go_types_lu t on g.type=t.id LEFT JOIN  go_sports_lu s on g.sport=s.id where g.gameID='1'
May 13 08:00:08 GAMEON [debug] 
May 13 08:01:31 GAMEON [info] select g.*,t.typeName,s.sportName from go_publicgames g LEFT JOIN go_types_lu t on g.type=t.id LEFT JOIN  go_sports_lu s on g.sport=s.id where g.gameID='1'
May 13 08:01:31 GAMEON [debug] 
May 13 08:02:23 GAMEON [info] select g.*,t.typeName,s.sportName from go_publicgames g LEFT JOIN go_types_lu t on g.type=t.id LEFT JOIN  go_sports_lu s on g.sport=s.id where g.gameID='1'
May 13 08:02:23 GAMEON [debug] 
May 13 08:03:56 GAMEON [info] select g.*,t.typeName,s.sportName from go_publicgames g LEFT JOIN go_types_lu t on g.type=t.id LEFT JOIN  go_sports_lu s on g.sport=s.id where g.gameID='1'
May 13 08:03:56 GAMEON [debug] 
May 13 08:05:51 GAMEON [info] select g.*,t.typeName,s.sportName from go_publicgames g LEFT JOIN go_types_lu t on g.type=t.id LEFT JOIN  go_sports_lu s on g.sport=s.id where g.gameID='1'
May 13 08:05:51 GAMEON [debug] 
May 13 08:06:18 GAMEON [info] select g.*,t.typeName,s.sportName from go_publicgames g LEFT JOIN go_types_lu t on g.type=t.id LEFT JOIN  go_sports_lu s on g.sport=s.id where g.gameID='1'
May 13 08:06:18 GAMEON [debug] 
May 13 08:06:50 GAMEON [info] select g.*,t.typeName,s.sportName from go_publicgames g LEFT JOIN go_types_lu t on g.type=t.id LEFT JOIN  go_sports_lu s on g.sport=s.id where g.gameID='1'
May 13 08:06:50 GAMEON [debug] 
May 13 08:08:10 GAMEON [info] select g.*,t.typeName,s.sportName from go_publicgames g LEFT JOIN go_types_lu t on g.type=t.id LEFT JOIN  go_sports_lu s on g.sport=s.id where g.gameID='1'
May 13 08:08:10 GAMEON [debug] 
May 13 08:16:48 GAMEON [info] select g.*,t.typeName,s.sportName from go_publicgames g LEFT JOIN go_types_lu t on g.type=t.id LEFT JOIN  go_sports_lu s on g.sport=s.id where g.gameID='1'
May 13 08:16:48 GAMEON [debug] 
May 13 08:17:57 GAMEON [info] select g.*,t.typeName,s.sportName from go_publicgames g LEFT JOIN go_types_lu t on g.type=t.id LEFT JOIN  go_sports_lu s on g.sport=s.id where g.gameID='1'
May 13 08:17:57 GAMEON [debug] 
May 13 08:22:45 GAMEON [info] select g.*,t.typeName,s.sportName from go_publicgames g LEFT JOIN go_types_lu t on g.type=t.id LEFT JOIN  go_sports_lu s on g.sport=s.id where g.gameID='1'
May 13 08:22:45 GAMEON [debug] 
May 13 08:50:08 GAMEON [info] select g.*,t.typeName,s.sportName from go_publicgames g LEFT JOIN go_types_lu t on g.type=t.id LEFT JOIN  go_sports_lu s on g.sport=s.id where g.gameID='1'
May 13 08:50:08 GAMEON [debug] NULL
May 13 08:53:00 GAMEON [info] select g.*,t.typeName,s.sportName from go_publicgames g LEFT JOIN go_types_lu t on g.type=t.id LEFT JOIN  go_sports_lu s on g.sport=s.id where g.gameID='1'
May 13 08:53:00 GAMEON [debug] NULL
May 13 10:05:35 GAMEON [info] select g.*,t.typeName,s.sportName from go_publicgames g LEFT JOIN go_types_lu t on g.type=t.id LEFT JOIN  go_sports_lu s on g.sport=s.id where g.gameID='1'
May 13 10:05:35 GAMEON [debug] NULL
May 13 11:28:17 GAMEON [info] select g.*,t.typeName,s.sportName from go_publicgames g LEFT JOIN go_types_lu t on g.type=t.id LEFT JOIN  go_sports_lu s on g.sport=s.id where g.gameID='1'
May 13 11:28:17 GAMEON [debug] NULL
May 13 11:33:42 GAMEON [info] select g.*,t.typeName,s.sportName from go_publicgames g LEFT JOIN go_types_lu t on g.type=t.id LEFT JOIN  go_sports_lu s on g.sport=s.id where g.gameID='1'
May 13 11:33:42 GAMEON [debug] NULL
May 13 11:34:29 GAMEON [info] select g.*,t.typeName,s.sportName from go_publicgames g LEFT JOIN go_types_lu t on g.type=t.id LEFT JOIN  go_sports_lu s on g.sport=s.id where g.gameID='1'
May 13 11:34:29 GAMEON [debug] NULL
May 13 11:35:04 GAMEON [info] select g.*,t.typeName,s.sportName from go_publicgames g LEFT JOIN go_types_lu t on g.type=t.id LEFT JOIN  go_sports_lu s on g.sport=s.id where g.gameID='1'
May 13 11:35:04 GAMEON [debug] NULL
May 13 11:36:18 GAMEON [info] select g.*,t.typeName,s.sportName from go_publicgames g LEFT JOIN go_types_lu t on g.type=t.id LEFT JOIN  go_sports_lu s on g.sport=s.id where g.gameID='1'
May 13 11:36:18 GAMEON [debug] NULL
May 13 11:40:18 GAMEON [info] select g.*,t.typeName,s.sportName from go_publicgames g LEFT JOIN go_types_lu t on g.type=t.id LEFT JOIN  go_sports_lu s on g.sport=s.id where g.gameID='1'
May 13 11:40:18 GAMEON [debug] NULL
May 13 11:40:51 GAMEON [info] select g.*,t.typeName,s.sportName from go_publicgames g LEFT JOIN go_types_lu t on g.type=t.id LEFT JOIN  go_sports_lu s on g.sport=s.id where g.gameID='1'
May 13 11:40:51 GAMEON [debug] NULL
May 13 11:41:41 GAMEON [info] select g.*,t.typeName,s.sportName from go_publicgames g LEFT JOIN go_types_lu t on g.type=t.id LEFT JOIN  go_sports_lu s on g.sport=s.id where g.gameID='1'
May 13 11:41:41 GAMEON [debug] NULL
May 13 11:41:44 GAMEON [info] select g.*,t.typeName,s.sportName from go_publicgames g LEFT JOIN go_types_lu t on g.type=t.id LEFT JOIN  go_sports_lu s on g.sport=s.id where g.gameID='1'
May 13 11:41:44 GAMEON [debug] NULL
May 13 11:44:46 GAMEON [info] select g.*,t.typeName,s.sportName from go_publicgames g LEFT JOIN go_types_lu t on g.type=t.id LEFT JOIN  go_sports_lu s on g.sport=s.id where g.gameID='1'
May 13 11:44:46 GAMEON [debug] NULL
May 13 11:46:12 GAMEON [info] select g.*,t.typeName,s.sportName from go_publicgames g LEFT JOIN go_types_lu t on g.type=t.id LEFT JOIN  go_sports_lu s on g.sport=s.id where g.gameID='1'
May 13 11:46:12 GAMEON [debug] NULL
May 13 11:46:27 GAMEON [info] select g.*,t.typeName,s.sportName from go_publicgames g LEFT JOIN go_types_lu t on g.type=t.id LEFT JOIN  go_sports_lu s on g.sport=s.id where g.gameID='1'
May 13 11:46:27 GAMEON [debug] NULL
May 13 11:47:01 GAMEON [info] select g.*,t.typeName,s.sportName from go_publicgames g LEFT JOIN go_types_lu t on g.type=t.id LEFT JOIN  go_sports_lu s on g.sport=s.id where g.gameID='1'
May 13 11:47:01 GAMEON [debug] NULL
May 13 11:47:59 GAMEON [info] select g.*,t.typeName,s.sportName from go_publicgames g LEFT JOIN go_types_lu t on g.type=t.id LEFT JOIN  go_sports_lu s on g.sport=s.id where g.gameID='1'
May 13 11:47:59 GAMEON [debug] NULL
May 13 11:48:29 GAMEON [info] select g.*,t.typeName,s.sportName from go_publicgames g LEFT JOIN go_types_lu t on g.type=t.id LEFT JOIN  go_sports_lu s on g.sport=s.id where g.gameID='1'
May 13 11:48:29 GAMEON [debug] NULL
May 13 11:48:29 GAMEON [info] select g.*,t.typeName,s.sportName from go_publicgames g LEFT JOIN go_types_lu t on g.type=t.id LEFT JOIN  go_sports_lu s on g.sport=s.id
May 13 11:50:47 GAMEON [info] select g.*,t.typeName,s.sportName from go_publicgames g LEFT JOIN go_types_lu t on g.type=t.id LEFT JOIN  go_sports_lu s on g.sport=s.id where g.gameID='1'
May 13 11:50:47 GAMEON [debug] NULL
May 13 11:50:47 GAMEON [info] select g.*,t.typeName,s.sportName from go_publicgames g LEFT JOIN go_types_lu t on g.type=t.id LEFT JOIN  go_sports_lu s on g.sport=s.id
May 13 11:54:54 GAMEON [info] select g.*,t.typeName,s.sportName from go_publicgames g LEFT JOIN go_types_lu t on g.type=t.id LEFT JOIN  go_sports_lu s on g.sport=s.id where g.gameID='1'
May 13 11:54:54 GAMEON [debug] NULL
May 13 11:54:54 GAMEON [info] select g.*,t.typeName,s.sportName from go_publicgames g LEFT JOIN go_types_lu t on g.type=t.id LEFT JOIN  go_sports_lu s on g.sport=s.id
May 14 06:25:10 GAMEON [info] select g.*,t.typeName,s.sportName from go_publicgames g LEFT JOIN go_types_lu t on g.type=t.id LEFT JOIN  go_sports_lu s on g.sport=s.id where g.gameID='1'
May 14 06:25:10 GAMEON [debug] NULL
May 14 06:25:10 GAMEON [info] select g.*,t.typeName,s.sportName from go_publicgames g LEFT JOIN go_types_lu t on g.type=t.id LEFT JOIN  go_sports_lu s on g.sport=s.id
May 14 08:05:06 GAMEON [info] select g.userName,s.* from go_user g, go_userSettings s where g.userName='jittrdev' and g.userID=s.userID 
May 14 08:05:07 GAMEON [info] select g.userName,s.* from go_user g, go_userSettings s where g.userID='1' and g.userID=s.userID 
May 14 08:05:08 GAMEON [info] select * from go_games where createdByUserID='1' Limit 0,100
May 14 08:05:08 GAMEON [info] select g.* from go_games g, go_gamesSubscribers s where s.userID='1' and s.gameID = g.gameID Limit 0,100
May 14 08:05:30 GAMEON [info] select g.*,t.typeName,s.sportName from go_games g LEFT JOIN go_types_lu t on g.type=t.id LEFT JOIN  go_sports_lu s on g.sport=s.id LEFT JOIN go_wagerTypes_lu w on g.wagerTypeID = w.id  where g.gameID='1273325871'
May 14 08:05:30 GAMEON [debug] Array
May 14 08:05:30 GAMEON [debug] http://jittr.com/jittr/gameon/go_getgamesubscribers.php?query=gamesubscribers&gameid=1273325871
May 14 08:05:30 GAMEON [debug] GameID - 1273325871
May 14 08:05:30 GAMEON [info] select s.*,u.userName from go_gamesSubscribers s LEFT JOIN go_user u on s.userID = u.userID  where s.gameID = '1273325871'  Limit 0,100
May 14 08:05:57 GAMEON [info] select g.userName,s.* from go_user g, go_userSettings s where g.userID='1' and g.userID=s.userID 
May 14 08:05:57 GAMEON [info] select * from go_games where createdByUserID='1' Limit 0,100
May 14 08:05:57 GAMEON [info] select g.* from go_games g, go_gamesSubscribers s where s.userID='1' and s.gameID = g.gameID Limit 0,100
May 14 09:33:45 GAMEON [info] select g.*,t.typeName,s.sportName from go_publicgames g LEFT JOIN go_types_lu t on g.type=t.id LEFT JOIN  go_sports_lu s on g.sport=s.id where g.gameID='1'
May 14 09:33:45 GAMEON [debug] NULL
May 14 09:33:45 GAMEON [info] select g.*,t.typeName,s.sportName from go_publicgames g LEFT JOIN go_types_lu t on g.type=t.id LEFT JOIN  go_sports_lu s on g.sport=s.id
May 14 09:34:11 GAMEON [info] select g.*,t.typeName,s.sportName from go_publicgames g LEFT JOIN go_types_lu t on g.type=t.id LEFT JOIN  go_sports_lu s on g.sport=s.id where g.gameID='1'
May 14 09:34:11 GAMEON [debug] NULL
May 14 09:34:11 GAMEON [info] select g.*,t.typeName,s.sportName from go_publicgames g LEFT JOIN go_types_lu t on g.type=t.id LEFT JOIN  go_sports_lu s on g.sport=s.id
May 14 09:34:27 GAMEON [info] select g.*,t.typeName,s.sportName from go_publicgames g LEFT JOIN go_types_lu t on g.type=t.id LEFT JOIN  go_sports_lu s on g.sport=s.id where g.gameID='1'
May 14 09:34:27 GAMEON [debug] NULL
May 14 09:34:27 GAMEON [info] select g.*,t.typeName,s.sportName from go_publicgames g LEFT JOIN go_types_lu t on g.type=t.id LEFT JOIN  go_sports_lu s on g.sport=s.id
May 14 09:34:56 GAMEON [info] select g.*,t.typeName,s.sportName from go_publicgames g LEFT JOIN go_types_lu t on g.type=t.id LEFT JOIN  go_sports_lu s on g.sport=s.id where g.gameID='1'
May 14 09:34:56 GAMEON [debug] NULL
May 14 09:34:56 GAMEON [info] select g.*,t.typeName,s.sportName from go_publicgames g LEFT JOIN go_types_lu t on g.type=t.id LEFT JOIN  go_sports_lu s on g.sport=s.id
May 14 09:38:14 GAMEON [info] select g.*,t.typeName,s.sportName from go_publicgames g LEFT JOIN go_types_lu t on g.type=t.id LEFT JOIN  go_sports_lu s on g.sport=s.id where g.gameID='1'
May 14 09:38:14 GAMEON [debug] NULL
May 14 09:38:14 GAMEON [info] select g.*,t.typeName,s.sportName from go_publicgames g LEFT JOIN go_types_lu t on g.type=t.id LEFT JOIN  go_sports_lu s on g.sport=s.id
May 14 09:39:06 GAMEON [info] select g.*,t.typeName,s.sportName from go_publicgames g LEFT JOIN go_types_lu t on g.type=t.id LEFT JOIN  go_sports_lu s on g.sport=s.id where g.gameID='1'
May 14 09:39:06 GAMEON [debug] NULL
May 14 09:39:06 GAMEON [info] select g.*,t.typeName,s.sportName from go_publicgames g LEFT JOIN go_types_lu t on g.type=t.id LEFT JOIN  go_sports_lu s on g.sport=s.id
